#
# There is insufficient memory for the Java Runtime Environment to continue.
# Native memory allocation (malloc) failed to allocate 1048576 bytes for AllocateHeap
# Possible reasons:
#   The system is out of physical RAM or swap space
#   In 32 bit mode, the process size limit was hit
# Possible solutions:
#   Reduce memory load on the system
#   Increase physical memory or swap space
#   Check if swap backing store is full
#   Use 64 bit Java on a 64 bit OS
#   Decrease Java heap size (-Xmx/-Xms)
#   Decrease number of Java threads
#   Decrease Java thread stack sizes (-Xss)
#   Set larger code cache with -XX:ReservedCodeCacheSize=
# This output file may be truncated or incomplete.
#
#  Out of Memory Error (memory/allocation.inline.hpp:61), pid=27052, tid=0x0000000000005cb4
#
# JRE version:  (8.0_171-b11) (build )
# Java VM: Java HotSpot(TM) 64-Bit Server VM (25.171-b11 mixed mode windows-amd64 compressed oops)
# Failed to write core dump. Minidumps are not enabled by default on client versions of Windows
#

---------------  T H R E A D  ---------------

Current thread (0x0000000003817000):  JavaThread "Unknown thread" [_thread_in_vm, id=23732, stack(0x0000000003710000,0x0000000003810000)]

Stack: [0x0000000003710000,0x0000000003810000]
[error occurred during error reporting (printing stack bounds), id 0xc0000005]

Native frames: (J=compiled Java code, j=interpreted, Vv=VM code, C=native code)


---------------  P R O C E S S  ---------------

Java Threads: ( => current thread )

Other Threads:

=>0x0000000003817000 (exited) JavaThread "Unknown thread" [_thread_in_vm, id=23732, stack(0x0000000003710000,0x0000000003810000)]

VM state:not at safepoint (normal execution)

VM Mutex/Monitor currently owned by a thread: None

Heap:
 PSYoungGen      total 76288K, used 1310K [0x000000076b180000, 0x0000000770680000, 0x00000007c0000000)
  eden space 65536K, 2% used [0x000000076b180000,0x000000076b2c7af0,0x000000076f180000)
  from space 10752K, 0% used [0x000000076fc00000,0x000000076fc00000,0x0000000770680000)
  to   space 10752K, 0% used [0x000000076f180000,0x000000076f180000,0x000000076fc00000)
 ParOldGen       total 175104K, used 0K [0x00000006c1400000, 0x00000006cbf00000, 0x000000076b180000)
  object space 175104K, 0% used [0x00000006c1400000,0x00000006c1400000,0x00000006cbf00000)
 Metaspace       used 774K, capacity 4480K, committed 4480K, reserved 1056768K
  class space    used 76K, capacity 384K, committed 384K, reserved 1048576K

Card table byte_map: [0x0000000012e00000,0x0000000013600000] byte_map_base: 0x000000000f7f6000

Marking Bits: (ParMarkBitMap*) 0x0000000071b408c0
 Begin Bits: [0x0000000014350000, 0x0000000018300000)
 End Bits:   [0x0000000018300000, 0x000000001c2b0000)

Polling page: 0x00000000018b0000

CodeCache: size=245760Kb used=328Kb max_used=328Kb free=245431Kb
 bounds [0x0000000003a40000, 0x0000000003cb0000, 0x0000000012a40000]
 total_blobs=58 nmethods=0 adapters=38
 compilation: enabled

Compilation events (0 events):
No events

GC Heap History (0 events):
No events

Deoptimization events (0 events):
No events

Classes redefined (0 events):
No events

Internal exceptions (0 events):
No events

Events (10 events):
Event: 0.046 loading class java/lang/Short
Event: 0.047 loading class java/lang/Short done
Event: 0.047 loading class java/lang/Integer
Event: 0.047 loading class java/lang/Integer done
Event: 0.047 loading class java/lang/Long
Event: 0.047 loading class java/lang/Long done
Event: 0.048 loading class java/lang/NullPointerException
Event: 0.048 loading class java/lang/NullPointerException done
Event: 0.048 loading class java/lang/ArithmeticException
Event: 0.048 loading class java/lang/ArithmeticException done


Dynamic libraries:
0x00007ff79c8e0000 - 0x00007ff79c917000 	C:\Program Files\Java\jdk1.8.0_171\bin\java.exe
0x00007ff8d9560000 - 0x00007ff8d9741000 	C:\WINDOWS\SYSTEM32\ntdll.dll
0x00007ff8d8bb0000 - 0x00007ff8d8c61000 	C:\WINDOWS\System32\KERNEL32.DLL
0x00007ff8d62d0000 - 0x00007ff8d6543000 	C:\WINDOWS\System32\KERNELBASE.dll
0x00007ff8d9240000 - 0x00007ff8d92e1000 	C:\WINDOWS\System32\ADVAPI32.dll
0x00007ff8d71a0000 - 0x00007ff8d723e000 	C:\WINDOWS\System32\msvcrt.dll
0x00007ff8d7140000 - 0x00007ff8d719b000 	C:\WINDOWS\System32\sechost.dll
0x00007ff8d9090000 - 0x00007ff8d91b4000 	C:\WINDOWS\System32\RPCRT4.dll
0x00007ff8d92f0000 - 0x00007ff8d9480000 	C:\WINDOWS\System32\USER32.dll
0x00007ff8d60c0000 - 0x00007ff8d60e0000 	C:\WINDOWS\System32\win32u.dll
0x00007ff8d6ea0000 - 0x00007ff8d6ec8000 	C:\WINDOWS\System32\GDI32.dll
0x00007ff8d6850000 - 0x00007ff8d69e2000 	C:\WINDOWS\System32\gdi32full.dll
0x00007ff8d6600000 - 0x00007ff8d669f000 	C:\WINDOWS\System32\msvcp_win.dll
0x00007ff8d6750000 - 0x00007ff8d6848000 	C:\WINDOWS\System32\ucrtbase.dll
0x00007ff8c87c0000 - 0x00007ff8c8a29000 	C:\WINDOWS\WinSxS\amd64_microsoft.windows.common-controls_6595b64144ccf1df_6.0.17134.765_none_fb42a1a930655896\COMCTL32.dll
0x00007ff8d8c70000 - 0x00007ff8d8f92000 	C:\WINDOWS\System32\combase.dll
0x00007ff8d5930000 - 0x00007ff8d59aa000 	C:\WINDOWS\System32\bcryptPrimitives.dll
0x00007ff8d87f0000 - 0x00007ff8d881d000 	C:\WINDOWS\System32\IMM32.DLL
0x0000000071bc0000 - 0x0000000071c92000 	C:\Program Files\Java\jdk1.8.0_171\jre\bin\msvcr100.dll
0x0000000071320000 - 0x0000000071bc0000 	C:\Program Files\Java\jdk1.8.0_171\jre\bin\server\jvm.dll
0x00007ff8d8ba0000 - 0x00007ff8d8ba8000 	C:\WINDOWS\System32\PSAPI.DLL
0x00007ff8d23e0000 - 0x00007ff8d23e9000 	C:\WINDOWS\SYSTEM32\WSOCK32.dll
0x00007ff8d1700000 - 0x00007ff8d170a000 	C:\WINDOWS\SYSTEM32\VERSION.dll
0x00007ff8d7240000 - 0x00007ff8d72ac000 	C:\WINDOWS\System32\WS2_32.dll
0x00007ff8d0b50000 - 0x00007ff8d0b73000 	C:\WINDOWS\SYSTEM32\WINMM.dll
0x00007ff8d0b20000 - 0x00007ff8d0b4a000 	C:\WINDOWS\SYSTEM32\WINMMBASE.dll
0x00007ff8d6550000 - 0x00007ff8d6599000 	C:\WINDOWS\System32\cfgmgr32.dll
0x0000000071310000 - 0x000000007131f000 	C:\Program Files\Java\jdk1.8.0_171\jre\bin\verify.dll
0x00000000712e0000 - 0x0000000071309000 	C:\Program Files\Java\jdk1.8.0_171\jre\bin\java.dll
0x0000000071290000 - 0x00000000712b3000 	C:\Program Files\Java\jdk1.8.0_171\jre\bin\instrument.dll
0x00000000712c0000 - 0x00000000712d6000 	C:\Program Files\Java\jdk1.8.0_171\jre\bin\zip.dll

VM Arguments:
jvm_args: -XX:TieredStopAtLevel=1 -Xverify:none -Dspring.output.ansi.enabled=always -Dcom.sun.management.jmxremote -Dspring.liveBeansView.mbeanDomain -Dspring.application.admin.enabled=true -javaagent:C:\Program Files\ideaIU-2018.3.5.win\lib\idea_rt.jar=8812:C:\Program Files\ideaIU-2018.3.5.win\bin -Dfile.encoding=UTF-8 
java_command: kr.hs.dgsw.webboard.board_back.BoardBackApplication
java_class_path (initial): C:\Program Files\Java\jdk1.8.0_171\jre\lib\charsets.jar;C:\Program Files\Java\jdk1.8.0_171\jre\lib\deploy.jar;C:\Program Files\Java\jdk1.8.0_171\jre\lib\ext\access-bridge-64.jar;C:\Program Files\Java\jdk1.8.0_171\jre\lib\ext\cldrdata.jar;C:\Program Files\Java\jdk1.8.0_171\jre\lib\ext\dnsns.jar;C:\Program Files\Java\jdk1.8.0_171\jre\lib\ext\jaccess.jar;C:\Program Files\Java\jdk1.8.0_171\jre\lib\ext\jfxrt.jar;C:\Program Files\Java\jdk1.8.0_171\jre\lib\ext\localedata.jar;C:\Program Files\Java\jdk1.8.0_171\jre\lib\ext\nashorn.jar;C:\Program Files\Java\jdk1.8.0_171\jre\lib\ext\servlet-api.jar;C:\Program Files\Java\jdk1.8.0_171\jre\lib\ext\sunec.jar;C:\Program Files\Java\jdk1.8.0_171\jre\lib\ext\sunjce_provider.jar;C:\Program Files\Java\jdk1.8.0_171\jre\lib\ext\sunmscapi.jar;C:\Program Files\Java\jdk1.8.0_171\jre\lib\ext\sunpkcs11.jar;C:\Program Files\Java\jdk1.8.0_171\jre\lib\ext\zipfs.jar;C:\Program Files\Java\jdk1.8.0_171\jre\lib\javaws.jar;C:\Program Files\Java\jdk1.8.0_171\jre\lib\jce.jar;C:\Program Files\Java\jdk1.8.0_171\jre\lib\jfr.jar;C:\Program Files\Java\jdk1.8.0_171\jre\lib\jfxswt.jar;C:\Program Files\Java\jdk1.8.0_171\jre\lib\jsse.jar;C:\Program Files\Java\jdk1.8.0_171\jre\lib\management-agent.jar;C:\Program Files\Java\jdk1.8.0_171\jre\lib\plugin.jar;C:\Program Files\Java\jdk1.8.0_171\jre\lib\resources.jar;C:\Program Files\Java\jdk1.8.0_171\jre\lib\rt.jar;C:\Program Files\Java\jdk1.8.0_171\jre\lib\servlet-api.jar;D:\SpringProjects\Web_board\board_back\out\production\classes;D:\SpringProjects\Web_board\board_back\out\production\resources;C:\Users\TF2\.gradle\caches\modules-2\files-2.1\org.projectlombok\lombok\1.18.6\616105b0831250a2e443447508e6a8b26bc466fb\lombok-1.18.6.jar;C:\Users\TF2\.gradle\caches\modules-2\files-2.1\org.springframework.boot\spring-boot-starter-web\2.1.4.RELEASE\a4659d55f57421a5ef122cb670b7b544ef8190e8\spring-boot-starter-web-2.1.4.RELEASE.jar;C:\Users\TF2\.gradle\caches\modules-2\files-2.1\org.mybatis.spring.b
Launcher Type: SUN_STANDARD

Environment Variables:
JAVA_HOME=C:\Program Files\Java\jdk1.8.0_171
PATH=C:\ProgramData\Boxstarter;C:\Program Files (x86)\Common Files\Oracle\Java\javapath;D:\app\TF2\product\11.2.0\dbhome_1\bin;C:\ProgramData\Oracle\Java\javapath;"C:\ProgramData\Oracle\Java\javapath;C:\Python35";C:\Windows\system32;C:\Windows;C:\Windows\System32\Wbem;C:\Windows\System32\WindowsPowerShell\v1.0\;C:\Program Files\Microsoft SQL Server\130\Tools\Binn\;C:\WINDOWS\system32;C:\WINDOWS;C:\WINDOWS\System32\Wbem;C:\WINDOWS\System32\WindowsPowerShell\v1.0\;C:\Program Files (x86)\GtkSharp\2.12\bin;%System Root%\system 32;C:\Program Files (x86)\NVIDIA Corporation\PhysX\Common;C:\Program Files\Java\jdk1.8.0_171\bin;C:\Program Files\PuTTY\;C:\WINDOWS\system32;C:\WINDOWS;C:\WINDOWS\System32\Wbem;C:\WINDOWS\System32\WindowsPowerShell\v1.0\;C:\Program Files\MySQL\MySQL Utilities 1.6\;C:\Program Files\Git\cmd;C:\Program Files\Java\jdk1.8.0_171\bin;C:\Program Files\Intel\WiFi\bin\;C:\Program Files\Common Files\Intel\WirelessCommon\;C:\WINDOWS\System32\OpenSSH\;C:\Program Files (x86)\Brackets\command;C:\Program Files (x86)\Yarn\bin\;C:\Program Files\nodejs\;C:\ProgramData\chocolatey\bin;C:\Microsoft VS Code\bin;C:\Program Files\dotnet\;D:\AndroidSDK\sdk\platform-tools;C:\Program Files\Intel\WiFi\bin\;C:\Program Files\Common Files\Intel\WirelessCommon\;C:\Program Files\Bandizip\;C:\Users\TF2\AppData\Local\Microsoft\WindowsApps;C:\Program Files\Java\jdk1.8.0_171\bin;C:\Users\TF2\AppData\Local\GitHubDesktop\bin;D:\Microsoft VS Code\bin;C:\Users\TF2\go\bin;C:\Users\TF2\AppData\Local\Microsoft\WindowsApps;C:\Users\TF2\AppData\Local\Yarn\bin;C:\Users\TF2\AppData\Roaming\npm
USERNAME=TF2
OS=Windows_NT
PROCESSOR_IDENTIFIER=Intel64 Family 6 Model 94 Stepping 3, GenuineIntel



---------------  S Y S T E M  ---------------

OS: Windows 10.0 , 64 bit Build 17134 (10.0.17134.753)

CPU:total 8 (initial active 8) (4 cores per cpu, 2 threads per core) family 6 model 94 stepping 3, cmov, cx8, fxsr, mmx, sse, sse2, sse3, ssse3, sse4.1, sse4.2, popcnt, avx, avx2, aes, clmul, erms, rtm, 3dnowpref, lzcnt, ht, tsc, tscinvbit, bmi1, bmi2, adx

Memory: 4k page, physical 16688924k(7038856k free), swap 19692316k(5616k free)

vm_info: Java HotSpot(TM) 64-Bit Server VM (25.171-b11) for windows-amd64 JRE (1.8.0_171-b11), built on Mar 28 2018 16:06:12 by "java_re" with MS VC++ 10.0 (VS2010)

time: Mon Jun 03 10:30:06 2019
elapsed time: 0 seconds (0d 0h 0m 0s)

